<?xml version="1.0" encoding="UTF-8"?>
<!-- Generated by org.testng.reporters.JUnitXMLReporter -->
<testsuite ignored="0" hostname="CSGVTVLT207" failures="0" tests="3" name="Default test" time="6.4" errors="0" timestamp="2025-01-10T12:33:26 IST">
  <testcase classname="com.qa.demowebshop.tests.LoginPageTest" name="LoginPageNavigationTest" time="0.357"/>
  <testcase classname="com.qa.demowebshop.tests.LoginPageTest" name="forgotPWDlinkExistTest" time="0.014"/>
  <testcase classname="com.qa.demowebshop.tests.LoginPageTest" name="appLoginTest" time="0.565"/>
</testsuite> <!-- Default test -->
