<?xml version="1.0" encoding="UTF-8"?>
<!-- Generated by org.testng.reporters.JUnitXMLReporter -->
<testsuite ignored="0" hostname="CSGVTVLT207" failures="0" tests="3" name="Open Cart LoginPage Test" time="5.032" errors="0" timestamp="2025-03-06T10:38:18 IST">
  <testcase classname="com.qa.demowebshop.tests.TC02_LoginPageTest" name="LoginPageNavigationTest" time="0.444"/>
  <testcase classname="com.qa.demowebshop.tests.TC02_LoginPageTest" name="forgotPWDlinkExistTest" time="0.005"/>
  <testcase classname="com.qa.demowebshop.tests.TC02_LoginPageTest" name="appLoginTest" time="0.976"/>
</testsuite> <!-- Open Cart LoginPage Test -->
