<?xml version="1.0" encoding="UTF-8"?>
<!-- Generated by org.testng.reporters.JUnitXMLReporter -->
<testsuite ignored="0" hostname="CSGVTVLT207" failures="0" tests="3" name="Open Cart Login Page Test" time="6.027" errors="0" timestamp="2025-01-10T12:41:49 IST">
  <testcase classname="com.qa.demowebshop.tests.LoginPageTest" name="LoginPageNavigationTest" time="0.314"/>
  <testcase classname="com.qa.demowebshop.tests.LoginPageTest" name="forgotPWDlinkExistTest" time="0.017"/>
  <testcase classname="com.qa.demowebshop.tests.LoginPageTest" name="appLoginTest" time="0.536"/>
</testsuite> <!-- Open Cart Login Page Test -->
