<?xml version="1.0" encoding="UTF-8"?>
<!-- Generated by org.testng.reporters.JUnitXMLReporter -->
<testsuite ignored="0" hostname="CSGVTVLT207" failures="0" tests="3" name="Open Cart HomePage Test" time="7.768" errors="0" timestamp="2025-03-20T17:11:17 IST">
  <testcase classname="com.qa.demowebshop.tests.TC01_HomePageTest" name="getHomePageTittleTest" time="0.037"/>
  <testcase classname="com.qa.demowebshop.tests.TC01_HomePageTest" name="getHomePageURLTest" time="0.002"/>
  <testcase classname="com.qa.demowebshop.tests.TC01_HomePageTest" name="searchTest" time="0.39"/>
</testsuite> <!-- Open Cart HomePage Test -->
