<?xml version="1.0" encoding="UTF-8"?>
<!-- Generated by org.testng.reporters.JUnitXMLReporter -->
<testsuite ignored="0" hostname="CSGVTVLT207" failures="0" tests="3" name="Open Cart Home Page Test" time="6.453" errors="0" timestamp="2025-01-10T12:41:49 IST">
  <testcase classname="com.qa.demowebshop.tests.HomePageTest" name="getHomePageTittleTest" time="0.029"/>
  <testcase classname="com.qa.demowebshop.tests.HomePageTest" name="getHomePageURLTest" time="0.001"/>
  <testcase classname="com.qa.demowebshop.tests.HomePageTest" name="searchTest" time="0.387"/>
</testsuite> <!-- Open Cart Home Page Test -->
