<?xml version="1.0" encoding="UTF-8"?>
<!-- Generated by org.testng.reporters.JUnitXMLReporter -->
<testsuite ignored="0" hostname="CSGVTVLT207" failures="0" tests="3" name="Open Cart HomePage Test" time="7.283" errors="0" timestamp="2025-01-30T17:05:29 IST">
  <testcase classname="com.qa.demowebshop.tests.HomePageTest" name="getHomePageTittleTest" time="0.033"/>
  <testcase classname="com.qa.demowebshop.tests.HomePageTest" name="getHomePageURLTest" time="0.002"/>
  <testcase classname="com.qa.demowebshop.tests.HomePageTest" name="searchTest" time="0.279"/>
</testsuite> <!-- Open Cart HomePage Test -->
