<?xml version="1.0" encoding="UTF-8"?>
<!-- Generated by org.testng.reporters.JUnitXMLReporter -->
<testsuite ignored="0" hostname="CSGVTVLT207" failures="0" tests="3" name="Open Cart LoginPage Test" time="8.31" errors="0" timestamp="2025-01-30T17:05:30 IST">
  <testcase classname="com.qa.demowebshop.tests.LoginPageTest" name="LoginPageNavigationTest" time="0.754"/>
  <testcase classname="com.qa.demowebshop.tests.LoginPageTest" name="forgotPWDlinkExistTest" time="0.225"/>
  <testcase classname="com.qa.demowebshop.tests.LoginPageTest" name="appLoginTest" time="0.591"/>
</testsuite> <!-- Open Cart LoginPage Test -->
